<?xml version="1.0" encoding="UTF-8"?>
<testsuite name="com.api.CreateAndGetPost" tests="1" skipped="0" failures="0" errors="0" timestamp="2023-02-07T06:24:49" hostname="Apoorvas-MacBook-Pro.local" time="0.899">
  <properties/>
  <testcase name="shouldCreatePostAndGetPostById" classname="com.api.CreateAndGetPost" time="0.899"/>
  <system-out><![CDATA[{
    "id": "63e1eeb13425cfa5f090dc91",
    "image": "https://media.gettyimages.com/id/1333977253/photo/male-lion-resting-on-a-rock.jpg?s=612x612&w=gi&k=20&c=x785lj0J9oEVJXKB_I1yVsvRXjA4i7sdAte9W91-ZTA=",
    "likes": 0,
    "link": "",
    "tags": [
        "deer",
        "buffalo"
    ],
    "text": "King of the forest",
    "publishDate": "2023-02-07T06:24:49.685Z",
    "updatedDate": "2023-02-07T06:24:49.685Z",
    "owner": {
        "id": "63bfb1d354edce3c2cd3deb7",
        "firstName": "Sbnnara",
        "lastName": "Andersen"
    }
}
{
    "id": "63e1eeb13425cfa5f090dc91",
    "image": "https://media.gettyimages.com/id/1333977253/photo/male-lion-resting-on-a-rock.jpg?s=612x612&w=gi&k=20&c=x785lj0J9oEVJXKB_I1yVsvRXjA4i7sdAte9W91-ZTA=",
    "likes": 0,
    "link": "",
    "tags": [
        "deer",
        "buffalo"
    ],
    "text": "King of the forest",
    "publishDate": "2023-02-07T06:24:49.685Z",
    "updatedDate": "2023-02-07T06:24:49.685Z",
    "owner": {
        "id": "63bfb1d354edce3c2cd3deb7",
        "firstName": "Sbnnara",
        "lastName": "Andersen"
    }
}
]]></system-out>
  <system-err><![CDATA[]]></system-err>
</testsuite>
